<?xml version='1.0' encoding='UTF-8'?>
<testsuite hostname="GYANANGKUSH" name="com.typesafe.training.scalatrain.JourneyPlannerSpecKoan" tests="5" errors="0" failures="0" skipped="0" time="0.041" timestamp="2021-02-16T17:57:11">
                     <properties>
[...]
</properties>
                     <testcase classname="com.typesafe.training.scalatrain.JourneyPlannerSpecKoan" name="stations to be initialized correctly" time="0.028">
                                                 
                                               </testcase><testcase classname="com.typesafe.training.scalatrain.JourneyPlannerSpecKoan" name="Calling trainsAt must return correct trains" time="0.001">
                                                 
                                               </testcase><testcase classname="com.typesafe.training.scalatrain.JourneyPlannerSpecKoan" name="Calling stopsAt must return correct stops" time="0.006">
                                                 
                                               </testcase><testcase classname="com.typesafe.training.scalatrain.JourneyPlannerSpecKoan" name="Calling inShortTrip must return 'true' if 0 or 1 station in between" time="0.005">
                                                 
                                               </testcase><testcase classname="com.typesafe.training.scalatrain.JourneyPlannerSpecKoan" name="Calling inShortTrip must return false if more than 1 station in between" time="0.001">
                                                 
                                               </testcase>
                     <system-out><![CDATA[]]></system-out>
                     <system-err><![CDATA[]]></system-err>
                   </testsuite>