<?xml version='1.0' encoding='UTF-8'?>
<testsuite hostname="GYANANGKUSH" name="com.typesafe.training.scalatrain.TimeSpec" tests="10" errors="0" failures="0" skipped="0" time="0.135" timestamp="2021-02-16T12:03:15">
                     <properties>
[...]
</properties>
                     <testcase classname="com.typesafe.training.scalatrain.TimeSpec" name="asMinutes should be initialized correctly" time="0.015">
                                                 
                                               </testcase><testcase classname="com.typesafe.training.scalatrain.TimeSpec" name="Calling minus or - should return the difference in minutes" time="0.0">
                                                 
                                               </testcase><testcase classname="com.typesafe.training.scalatrain.TimeSpec" name="Calling val toString should return proper formatted string representation" time="0.004">
                                                 
                                               </testcase><testcase classname="com.typesafe.training.scalatrain.TimeSpec" name="Calling Ordered operators - compare should work as expected" time="0.001">
                                                 
                                               </testcase><testcase classname="com.typesafe.training.scalatrain.TimeSpec" name="Default args in Time() for hours and minutes should be equal to 0" time="0.001">
                                                 
                                               </testcase><testcase classname="com.typesafe.training.scalatrain.TimeSpec" name="Creating a Time should throw an IllegalArgumentException for hours not in range[0,23]" time="0.001">
                                                 
                                               </testcase><testcase classname="com.typesafe.training.scalatrain.TimeSpec" name="Creating a Time should throw an IllegalArgumentException for minutes not in range[0,59]" time="0.001">
                                                 
                                               </testcase><testcase classname="com.typesafe.training.scalatrain.TimeSpec" name="Calling fromJson should return Some wrapping a properly initialized Time for a valid JsonObject" time="0.104">
                                                 
                                               </testcase><testcase classname="com.typesafe.training.scalatrain.TimeSpec" name="Calling fromJson should return None for an invalid json" time="0.007">
                                                 
                                               </testcase><testcase classname="com.typesafe.training.scalatrain.TimeSpec" name="Calling fromJson after toJson should return Some wrapping the original Time" time="0.001">
                                                 
                                               </testcase>
                     <system-out><![CDATA[]]></system-out>
                     <system-err><![CDATA[]]></system-err>
                   </testsuite>