[debug] > Exec(test, None, None)
[debug] Evaluating tasks: Test / test
[debug] Running task... Cancel: Signal, check cycles: false, forcegc: true
[info] compiling 2 Scala sources to D:\train\target\scala-2.11\test-classes ...
[info] done compiling
[info] TrainSpec:
[info] Train ice724
[info] - should stop in Nuremberg *** FAILED ***
[info]   None did not equal Some(10:00) (TrainSpec.scala:17)
[info] - should not stop in Essen
[info] Train ice726
[info] - should stop in Munich *** FAILED ***
[info]   None did not equal Some(07:50) (TrainSpec.scala:26)
[info] - should not stop in Cologne
[info] Creating a Train
[info] - should throw an IllegalArgumentException for a schedule with 0 or 1 elements
[info] stations
[info] - should be initialized correctly
[info] Run completed in 436 milliseconds.
[info] Total number of tests run: 6
[info] Suites: completed 1, aborted 0
[info] Tests: succeeded 4, failed 2, canceled 0, ignored 0, pending 0
[info] *** 2 TESTS FAILED ***
[error] Failed tests:
[error] 	com.typesafe.training.scalatrain.TrainSpec
[error] (Test / test) sbt.TestsFailedException: Tests unsuccessful
[error] Total time: 2 s, completed Feb 14, 2021 9:29:16 PM
[debug] > Exec(idea-shell, None, None)
