[debug] > Exec(test, None, None)
[debug] Evaluating tasks: Test / test
[debug] Running task... Cancel: Signal, check cycles: false, forcegc: true
[info] compiling 1 Scala source to D:\train\target\scala-2.11\test-classes ...
[info] done compiling
[info] JourneyPlannerSpec:
[info] stations
[info] TrainSpec:
[info] - should be correctly initialized
[info] Train ice724
[info] calling trainsAt
[info] - should stop in Nuremberg
[info] - should return the correct trains
[info] - should not stop in Essen
[info] Calling stopsAt
[info] Train ice726
[info] - should return correct stops
[info] - should stop in Munich
[info] Calling inShortTrip
[info] - should not stop in Cologne
[info] - should return true if 0 or 1 station in between
[info] Creating a Train
[info] - should return false if more than 1 station in between
[info] - should throw an IllegalArgumentException for a schedule with 0 or 1 elements
[info] stations
[info] - should be initialized correctly
[info] TimeSpec:
[info] asMinutes
[info] - should be initialized correctly
[info] Calling minus or -
[info] - should return the difference in minutes
[info] Calling val toString
[info] - should return proper formatted string representation
[info] Calling Ordered operators - compare
[info] - should work as expected
[info] Default args in Time() for hours and minutes
[info] - should be equal to 0
[info] Creating a Time
[info] - should throw an IllegalArgumentException for hours not in range[0,23] *** FAILED ***
[info]   Expected exception java.lang.IllegalArgumentException to be thrown, but no exception was thrown. (TimeSpec.scala:46)
[info] - should throw an IllegalArgumentException for minutes not in range[0,59] *** FAILED ***
[info]   Expected exception java.lang.IllegalArgumentException to be thrown, but no exception was thrown. (TimeSpec.scala:50)
[info] Calling fromJson
[info] - should return Some wrapping a properly initialized Time for a valid JsonObject
[info] - should return None for an invalid json
[info] Calling fromJson after toJson
[info] - should return Some wrapping the original Time
[info] Run completed in 429 milliseconds.
[info] Total number of tests run: 21
[info] Suites: completed 3, aborted 0
[info] Tests: succeeded 19, failed 2, canceled 0, ignored 0, pending 0
[info] *** 2 TESTS FAILED ***
[error] Failed tests:
[error] 	com.typesafe.training.scalatrain.TimeSpec
[error] (Test / test) sbt.TestsFailedException: Tests unsuccessful
[error] Total time: 4 s, completed Feb 15, 2021 2:22:40 AM
[debug] > Exec(idea-shell, None, None)
